1738703752757:help
1738703766138:version
1738703784505:2+2
1738703806809:quit
1738704801354:help
1738704808506:clear
1738704821441:stacktrace
1738704826777:version
1738704839113:history
1738704846864:clear
1738704868601:quit
1738705256487:help
1738705264430:greeting
1738705500204:quit
1738705541684:help
1738706189727:quit
1738707304289:help
1738707328727:add "Mi error task" dfd
1738707385143:quit
1738707700806:get 0
1738707789972:add "five task"
1738707795531:quit
1738707819533:get 0
1738707922099:quit
1738707935835:help
1738707945394:get 0
1738707950802:get 1
1738707956970:get 3
1738707967778:get 5
1738707971362:get 4
1738708073338:get 3 3
1738708082937:add "LOCo" 45
1738708090273:clear
1738708095265:help
1738708115642:quit
1738708214889:get 2
1738708438329:help
1738708586878:quit
1738708627920:help
1738708659493:quit
1738708690175:help
1738708729213:get 1
1738708736397:get 2
1738708743357:get 3
1738708772101:update 3 "Mi Tercera tarea"
1738708780396:get 3
1738708813525:get 4
1738708854756:update 4 "Mi cuarta tarea"
1738708960746:quit
1738711964824:list
1738712749465:quit
1738712769315:help
1738712781745:clean
1738712797969:list
1738712822649:quit
1738718542899:help
1738718553145:list help
1738718563561:help list
1738718624705:help
1738718634416:list help
1738718640528:help list
1738718762921:help
1738718769767:help list
1738718784151:list done
1738719071101:list in-progress
1738719076637:list todo
1738720062062:task
1738720065310:list
1738720082878:mark-done 4
1738720243094:add "Mi quinta tarea"
1738720246469:list
1738720262981:mark-done 2
1738720266925:list
1738720283221:mark-in-progress 4
1738720287677:list
1738720298812:list done
1738720309885:list in-progress
1738720321116:mark-done 5
1738720325061:list done
1738720333684:list
1738720669059:quit
1738732946361:list
1738733697466:delete 3
1738733702209:list
1738733731416:delete 3
1738733838039:list
1738734001350:delete 2
1738734005807:list
1738734099469:delete 1
1738734114478:list
1738734275820:quit
1738734299989:list
1738734311204:delete 4
1738734314356:list
1738734326780:delete 2
1738734329899:list
1738734338630:delete 1
1738734345851:list
1738734376203:add "Otra tarea"
1738734885368:quit
1738734925239:list
1738734954543:delete 7
1738734956903:list
1738735348333:quit
1738735362724:list
1738735550291:quit
1738735570771:list
1738735597331:add "Tarea de muestra"
1738735602395:list
1738735614563:mark-done 7
1738735618122:list
1738735652394:update 3 "Reparar el techo"
1738735671410:mark-in-progress 3
1738735676354:list
1738735687818:list done
1738735707274:list in-progress
1738735717658:list todo
1738735728073:clear
1738735730945:clc
1738735738169:help
1738735745370:clc
1738735751042:stacktrace
1738735768394:help
1738735777122:greeting
1738735786930:quit
1738736369534:list
1738737306368:quit
1738738024738:list
1738738028595:clear
1738738147762:list
1738739086659:quit
1738740718664:help
1738740723568:list
1738740733992:get 1
1738740739217:get 5
1738740762088:add "Dormir 8 horas"
1738740768048:list
1738740778112:list todo
1738740783056:list done
1738782982063:quit
1738786287330:list
1738788835436:help
1738788853362:get 1
1738789889387:list
1738789891921:clear
1738789894209:clc
1738789897169:clean
1738789900633:help
1738789940171:quit
1738792294853:help
1738792306037:add "Leer mas tarde"
1738792309093:list
1738792331757:add "Correr 15 Kilometros"
1738792334204:list
1738792345013:mark-done 2
1738792569259:help
1738793124030:quit
1738793294110:list
1738793297165:quit
1738793529284:list
1738793534402:clear
1738793544354:help
1738793555226:version
1738793923431:help
1738793971711:clear
1738794816752:help
1738795121870:run
1738795124861:clear
1738795131445:help
1738795189941:version
1738795197765:-version
1738795202028:version
1738795402035:help
1738795413034:add
1738795441828:add "Configurar GraalVM"
1738795447546:list
1738795453115:exit
1738808081394:add "tres"
1738808104449:stacktrace
1738808170657:list
1738808182441:stacktrace
1738808308957:list
1738808327645:stacktrace
1738863395546:list
1738863404679:add "hola"
1738863407102:list
1738863485790:stactrace
1738863495670:stacktrace
1738866795414:list
1738866805211:add "dsfkjskdlfjdskfj"
1738866863418:list
1738866885498:add "sdfdsfdsfdsf"
1738867171952:list
1738867563904:help
1738867913065:clear
1738867916533:clc
1738867921429:help
1738868144934:quit
1738868169079:list
1738868321044:help
1738868358198:script E:\\curso_de_programacion\\RoapMapSH\\task-cli-v2\\commandsTask.txt
1738868390520:script E:\\\\curso_de_programacion\\\\RoapMapSH\\\\task-cli-v2\\\\commandsTask.txt
1738868426139:delete 2
1738873463163:version
1738874451059:HELP
1738874454704:help
1738874468474:version
1738874470920:quit
1738874662248:version
1738874928429:quit
1738874948966:list
1738875364038:quit
1738875381811:list
1738875542469:quit
1738881129432:help
1738881155903:list
1738881212008:help
1738881217758:list
1738881895984:quit
1738882165143:help
1738882168958:quit
1738882855186:help
1738882861735:delete 9
1738882868125:delete 7
1738882871694:delete 6
1738882874677:delete3
1738882878685:delete 3
1738882883173:list
1738882893575:delete 1
1738882903297:delete 2
1738882909797:delete 4
1738882913137:delete 5
1738882916886:delete 8
1738882922012:delete 10
1738882924653:list
1738882932573:clear
1738882942525:quit
1738882999689:help
1738883390035:quit
